[0.049s] Invoking command in '/home/ubuntutbc/sambot_ws/src/sam_bot_description/build/sam_bot_description': CMAKE_PREFIX_PATH=${CMAKE_PREFIX_PATH}:/opt/ros/humble /usr/bin/cmake /home/ubuntutbc/sambot_ws/src/sam_bot_description -DCMAKE_INSTALL_PREFIX=/home/ubuntutbc/sambot_ws/src/sam_bot_description/install/sam_bot_description
[0.078s] -- The C compiler identification is GNU 11.4.0
[0.108s] -- The CXX compiler identification is GNU 11.4.0
[0.112s] -- Detecting C compiler ABI info
[0.146s] -- Detecting C compiler ABI info - done
[0.151s] -- Check for working C compiler: /usr/bin/cc - skipped
[0.151s] -- Detecting C compile features
[0.151s] -- Detecting C compile features - done
[0.153s] -- Detecting CXX compiler ABI info
[0.192s] -- Detecting CXX compiler ABI info - done
[0.197s] -- Check for working CXX compiler: /usr/bin/c++ - skipped
[0.197s] -- Detecting CXX compile features
[0.198s] -- Detecting CXX compile features - done
[0.200s] -- Found ament_cmake: 1.3.8 (/opt/ros/humble/share/ament_cmake/cmake)
[0.277s] -- Found Python3: /usr/bin/python3 (found version "3.10.12") found components: Interpreter 
[0.330s] -- Found ament_lint_auto: 0.12.10 (/opt/ros/humble/share/ament_lint_auto/cmake)
[0.374s] -- Added test 'cppcheck' to perform static code analysis on C / C++ code
[0.374s] -- Configured cppcheck include dirs: 
[0.374s] -- Configured cppcheck exclude dirs and/or files: 
[0.375s] -- Added test 'lint_cmake' to check CMake code style
[0.378s] -- Added test 'uncrustify' to check C / C++ code style
[0.378s] -- Configured uncrustify additional arguments: 
[0.378s] -- Added test 'xmllint' to check XML markup files
[0.379s] -- Configuring done
[0.380s] -- Generating done
[0.381s] -- Build files have been written to: /home/ubuntutbc/sambot_ws/src/sam_bot_description/build/sam_bot_description
[0.384s] Invoked command in '/home/ubuntutbc/sambot_ws/src/sam_bot_description/build/sam_bot_description' returned '0': CMAKE_PREFIX_PATH=${CMAKE_PREFIX_PATH}:/opt/ros/humble /usr/bin/cmake /home/ubuntutbc/sambot_ws/src/sam_bot_description -DCMAKE_INSTALL_PREFIX=/home/ubuntutbc/sambot_ws/src/sam_bot_description/install/sam_bot_description
[0.384s] Invoking command in '/home/ubuntutbc/sambot_ws/src/sam_bot_description/build/sam_bot_description': CMAKE_PREFIX_PATH=${CMAKE_PREFIX_PATH}:/opt/ros/humble /usr/bin/cmake --build /home/ubuntutbc/sambot_ws/src/sam_bot_description/build/sam_bot_description -- -j4 -l4
[0.402s] Invoked command in '/home/ubuntutbc/sambot_ws/src/sam_bot_description/build/sam_bot_description' returned '0': CMAKE_PREFIX_PATH=${CMAKE_PREFIX_PATH}:/opt/ros/humble /usr/bin/cmake --build /home/ubuntutbc/sambot_ws/src/sam_bot_description/build/sam_bot_description -- -j4 -l4
[0.416s] Invoking command in '/home/ubuntutbc/sambot_ws/src/sam_bot_description/build/sam_bot_description': CMAKE_PREFIX_PATH=${CMAKE_PREFIX_PATH}:/opt/ros/humble /usr/bin/cmake --install /home/ubuntutbc/sambot_ws/src/sam_bot_description/build/sam_bot_description
[0.419s] -- Install configuration: ""
[0.419s] -- Installing: /home/ubuntutbc/sambot_ws/src/sam_bot_description/install/sam_bot_description/share/sam_bot_description/src
[0.419s] [31mCMake Error at cmake_install.cmake:46 (file):
[0.419s]   file INSTALL cannot find
[0.419s]   "/home/ubuntutbc/sambot_ws/src/sam_bot_description/launch": No such file or
[0.419s]   directory.
[0.419s] 
[0.419s] [0m
[0.419s] -- Installing: /home/ubuntutbc/sambot_ws/src/sam_bot_description/install/sam_bot_description/share/sam_bot_description/src/description
[0.420s] Invoked command in '/home/ubuntutbc/sambot_ws/src/sam_bot_description/build/sam_bot_description' returned '1': CMAKE_PREFIX_PATH=${CMAKE_PREFIX_PATH}:/opt/ros/humble /usr/bin/cmake --install /home/ubuntutbc/sambot_ws/src/sam_bot_description/build/sam_bot_description
